# JRE version: OpenJDK Runtime Environment (8.0_275-b01) (build 1.8.0_275-8u275-b01-0ubuntu1~18.04-b01)
# Java VM: OpenJDK 64-Bit Server VM (25.275-b01 mixed mode linux-amd64 compressed oops)
Heap:
 PSYoungGen      total 265728K, used 139283K [0x00000000d7200000, 0x00000000e9300000, 0x0000000100000000)
  eden space 249344K, 55% used [0x00000000d7200000,0x00000000dfa04ec0,0x00000000e6580000)
  from space 16384K, 0% used [0x00000000e7a00000,0x00000000e7a00000,0x00000000e8a00000)
  to   space 20992K, 0% used [0x00000000e6580000,0x00000000e6580000,0x00000000e7a00000)
 ParOldGen       total 84992K, used 19777K [0x0000000085600000, 0x000000008a900000, 0x00000000d7200000)
  object space 84992K, 23% used [0x0000000085600000,0x0000000086950768,0x000000008a900000)
 Metaspace       used 20894K, capacity 21118K, committed 21504K, reserved 1069056K
  class space    used 1869K, capacity 1948K, committed 2048K, reserved 1048576K
GC Heap History (10 events):
Event: 49.775 GC heap before
{Heap before GC invocations=11 (full 3):
 PSYoungGen      total 270336K, used 5178K [0x00000000d7200000, 0x00000000e8c00000, 0x0000000100000000)
  eden space 253952K, 0% used [0x00000000d7200000,0x00000000d7200000,0x00000000e6a00000)
  from space 16384K, 31% used [0x00000000e7c00000,0x00000000e810e818,0x00000000e8c00000)
  to   space 17408K, 0% used [0x00000000e6a00000,0x00000000e6a00000,0x00000000e7b00000)
 ParOldGen       total 84992K, used 28115K [0x0000000085600000, 0x000000008a900000, 0x00000000d7200000)
  object space 84992K, 33% used [0x0000000085600000,0x0000000087174d40,0x000000008a900000)
 Metaspace       used 20049K, capacity 20330K, committed 20736K, reserved 1069056K
  class space    used 1840K, capacity 1948K, committed 2048K, reserved 1048576K
Event: 49.817 GC heap after
Heap after GC invocations=11 (full 3):
 PSYoungGen      total 270336K, used 0K [0x00000000d7200000, 0x00000000e8c00000, 0x0000000100000000)
  eden space 253952K, 0% used [0x00000000d7200000,0x00000000d7200000,0x00000000e6a00000)
  from space 16384K, 0% used [0x00000000e7c00000,0x00000000e7c00000,0x00000000e8c00000)
  to   space 17408K, 0% used [0x00000000e6a00000,0x00000000e6a00000,0x00000000e7b00000)
 ParOldGen       total 84992K, used 17714K [0x0000000085600000, 0x000000008a900000, 0x00000000d7200000)
  object space 84992K, 20% used [0x0000000085600000,0x000000008674c818,0x000000008a900000)
 Metaspace       used 20049K, capacity 20330K, committed 20736K, reserved 1069056K
  class space    used 1840K, capacity 1948K, committed 2048K, reserved 1048576K
}
Event: 104.639 GC heap before
{Heap before GC invocations=12 (full 3):
 PSYoungGen      total 270336K, used 46332K [0x00000000d7200000, 0x00000000e8c00000, 0x0000000100000000)
  eden space 253952K, 18% used [0x00000000d7200000,0x00000000d9f3f1e8,0x00000000e6a00000)
  from space 16384K, 0% used [0x00000000e7c00000,0x00000000e7c00000,0x00000000e8c00000)
  to   space 17408K, 0% used [0x00000000e6a00000,0x00000000e6a00000,0x00000000e7b00000)
 ParOldGen       total 84992K, used 17714K [0x0000000085600000, 0x000000008a900000, 0x00000000d7200000)
  object space 84992K, 20% used [0x0000000085600000,0x000000008674c818,0x000000008a900000)
 Metaspace       used 20191K, capacity 20474K, committed 20736K, reserved 1069056K
  class space    used 1840K, capacity 1948K, committed 2048K, reserved 1048576K
Event: 104.644 GC heap after
Heap after GC invocations=12 (full 3):
 PSYoungGen      total 261632K, used 7493K [0x00000000d7200000, 0x00000000e8a00000, 0x0000000100000000)
  eden space 253952K, 0% used [0x00000000d7200000,0x00000000d7200000,0x00000000e6a00000)
  from space 7680K, 97% used [0x00000000e6a00000,0x00000000e7151510,0x00000000e7180000)
  to   space 16384K, 0% used [0x00000000e7a00000,0x00000000e7a00000,0x00000000e8a00000)
 ParOldGen       total 84992K, used 17722K [0x0000000085600000, 0x000000008a900000, 0x00000000d7200000)
  object space 84992K, 20% used [0x0000000085600000,0x000000008674e818,0x000000008a900000)
 Metaspace       used 20191K, capacity 20474K, committed 20736K, reserved 1069056K
  class space    used 1840K, capacity 1948K, committed 2048K, reserved 1048576K
}
Event: 104.644 GC heap before
{Heap before GC invocations=13 (full 4):
 PSYoungGen      total 261632K, used 7493K [0x00000000d7200000, 0x00000000e8a00000, 0x0000000100000000)
  eden space 253952K, 0% used [0x00000000d7200000,0x00000000d7200000,0x00000000e6a00000)
  from space 7680K, 97% used [0x00000000e6a00000,0x00000000e7151510,0x00000000e7180000)
  to   space 16384K, 0% used [0x00000000e7a00000,0x00000000e7a00000,0x00000000e8a00000)
 ParOldGen       total 84992K, used 17722K [0x0000000085600000, 0x000000008a900000, 0x00000000d7200000)
  object space 84992K, 20% used [0x0000000085600000,0x000000008674e818,0x000000008a900000)
 Metaspace       used 20191K, capacity 20474K, committed 20736K, reserved 1069056K
  class space    used 1840K, capacity 1948K, committed 2048K, reserved 1048576K
Event: 104.680 GC heap after
Heap after GC invocations=13 (full 4):
 PSYoungGen      total 261632K, used 0K [0x00000000d7200000, 0x00000000e8a00000, 0x0000000100000000)
  eden space 253952K, 0% used [0x00000000d7200000,0x00000000d7200000,0x00000000e6a00000)
  from space 7680K, 0% used [0x00000000e6a00000,0x00000000e6a00000,0x00000000e7180000)
  to   space 16384K, 0% used [0x00000000e7a00000,0x00000000e7a00000,0x00000000e8a00000)
 ParOldGen       total 84992K, used 18488K [0x0000000085600000, 0x000000008a900000, 0x00000000d7200000)
  object space 84992K, 21% used [0x0000000085600000,0x000000008680e190,0x000000008a900000)
 Metaspace       used 20191K, capacity 20474K, committed 20736K, reserved 1069056K
  class space    used 1840K, capacity 1948K, committed 2048K, reserved 1048576K
}
Event: 127.935 GC heap before
{Heap before GC invocations=14 (full 4):
 PSYoungGen      total 261632K, used 98341K [0x00000000d7200000, 0x00000000e8a00000, 0x0000000100000000)
  eden space 253952K, 38% used [0x00000000d7200000,0x00000000dd209668,0x00000000e6a00000)
  from space 7680K, 0% used [0x00000000e6a00000,0x00000000e6a00000,0x00000000e7180000)
  to   space 16384K, 0% used [0x00000000e7a00000,0x00000000e7a00000,0x00000000e8a00000)
 ParOldGen       total 84992K, used 18488K [0x0000000085600000, 0x000000008a900000, 0x00000000d7200000)
  object space 84992K, 21% used [0x0000000085600000,0x000000008680e190,0x000000008a900000)
 Metaspace       used 20484K, capacity 20730K, committed 20992K, reserved 1069056K
  class space    used 1863K, capacity 1948K, committed 2048K, reserved 1048576K
Event: 127.946 GC heap after
Heap after GC invocations=14 (full 4):
 PSYoungGen      total 265728K, used 16363K [0x00000000d7200000, 0x00000000e9300000, 0x0000000100000000)
  eden space 249344K, 0% used [0x00000000d7200000,0x00000000d7200000,0x00000000e6580000)
  from space 16384K, 99% used [0x00000000e7a00000,0x00000000e89fac10,0x00000000e8a00000)
  to   space 20992K, 0% used [0x00000000e6580000,0x00000000e6580000,0x00000000e7a00000)
 ParOldGen       total 84992K, used 23488K [0x0000000085600000, 0x000000008a900000, 0x00000000d7200000)
  object space 84992K, 27% used [0x0000000085600000,0x0000000086cf0390,0x000000008a900000)
 Metaspace       used 20484K, capacity 20730K, committed 20992K, reserved 1069056K
  class space    used 1863K, capacity 1948K, committed 2048K, reserved 1048576K
}
Event: 127.946 GC heap before
{Heap before GC invocations=15 (full 5):
 PSYoungGen      total 265728K, used 16363K [0x00000000d7200000, 0x00000000e9300000, 0x0000000100000000)
  eden space 249344K, 0% used [0x00000000d7200000,0x00000000d7200000,0x00000000e6580000)
  from space 16384K, 99% used [0x00000000e7a00000,0x00000000e89fac10,0x00000000e8a00000)
  to   space 20992K, 0% used [0x00000000e6580000,0x00000000e6580000,0x00000000e7a00000)
 ParOldGen       total 84992K, used 23488K [0x0000000085600000, 0x000000008a900000, 0x00000000d7200000)
  object space 84992K, 27% used [0x0000000085600000,0x0000000086cf0390,0x000000008a900000)
 Metaspace       used 20484K, capacity 20730K, committed 20992K, reserved 1069056K
  class space    used 1863K, capacity 1948K, committed 2048K, reserved 1048576K
Event: 127.991 GC heap after
Heap after GC invocations=15 (full 5):
 PSYoungGen      total 265728K, used 0K [0x00000000d7200000, 0x00000000e9300000, 0x0000000100000000)
  eden space 249344K, 0% used [0x00000000d7200000,0x00000000d7200000,0x00000000e6580000)
  from space 16384K, 0% used [0x00000000e7a00000,0x00000000e7a00000,0x00000000e8a00000)
  to   space 20992K, 0% used [0x00000000e6580000,0x00000000e6580000,0x00000000e7a00000)
 ParOldGen       total 84992K, used 19777K [0x0000000085600000, 0x000000008a900000, 0x00000000d7200000)
  object space 84992K, 23% used [0x0000000085600000,0x0000000086950768,0x000000008a900000)
 Metaspace       used 20484K, capacity 20730K, committed 20992K, reserved 1069056K
  class space    used 1863K, capacity 1948K, committed 2048K, reserved 1048576K
}

