# JRE version: OpenJDK Runtime Environment (8.0_275-b01) (build 1.8.0_275-8u275-b01-0ubuntu1~18.04-b01)
# Java VM: OpenJDK 64-Bit Server VM (25.275-b01 mixed mode linux-amd64 compressed oops)
Heap:
 PSYoungGen      total 28160K, used 26217K [0x00000000d7200000, 0x00000000db900000, 0x0000000100000000)
  eden space 27648K, 94% used [0x00000000d7200000,0x00000000d8b826b0,0x00000000d8d00000)
  from space 512K, 18% used [0x00000000db800000,0x00000000db818000,0x00000000db880000)
  to   space 512K, 0% used [0x00000000db880000,0x00000000db880000,0x00000000db900000)
 ParOldGen       total 84992K, used 32558K [0x0000000085600000, 0x000000008a900000, 0x00000000d7200000)
  object space 84992K, 38% used [0x0000000085600000,0x00000000875cbac8,0x000000008a900000)
 Metaspace       used 20982K, capacity 21210K, committed 21376K, reserved 1069056K
  class space    used 1823K, capacity 1912K, committed 1920K, reserved 1048576K
GC Heap History (10 events):
Event: 2960.547 GC heap before
{Heap before GC invocations=8741 (full 26):
 PSYoungGen      total 30720K, used 29310K [0x00000000d7200000, 0x00000000db900000, 0x0000000100000000)
  eden space 30208K, 96% used [0x00000000d7200000,0x00000000d8e7f890,0x00000000d8f80000)
  from space 512K, 25% used [0x00000000db880000,0x00000000db8a0000,0x00000000db900000)
  to   space 512K, 0% used [0x00000000db800000,0x00000000db800000,0x00000000db880000)
 ParOldGen       total 84992K, used 32542K [0x0000000085600000, 0x000000008a900000, 0x00000000d7200000)
  object space 84992K, 38% used [0x0000000085600000,0x00000000875c7ac8,0x000000008a900000)
 Metaspace       used 20982K, capacity 21210K, committed 21376K, reserved 1069056K
  class space    used 1823K, capacity 1912K, committed 1920K, reserved 1048576K
Event: 2960.547 GC heap after
Heap after GC invocations=8741 (full 26):
 PSYoungGen      total 30208K, used 128K [0x00000000d7200000, 0x00000000db900000, 0x0000000100000000)
  eden space 29696K, 0% used [0x00000000d7200000,0x00000000d7200000,0x00000000d8f00000)
  from space 512K, 25% used [0x00000000db800000,0x00000000db820000,0x00000000db880000)
  to   space 512K, 0% used [0x00000000db880000,0x00000000db880000,0x00000000db900000)
 ParOldGen       total 84992K, used 32542K [0x0000000085600000, 0x000000008a900000, 0x00000000d7200000)
  object space 84992K, 38% used [0x0000000085600000,0x00000000875c7ac8,0x000000008a900000)
 Metaspace       used 20982K, capacity 21210K, committed 21376K, reserved 1069056K
  class space    used 1823K, capacity 1912K, committed 1920K, reserved 1048576K
}
Event: 2960.931 GC heap before
{Heap before GC invocations=8742 (full 26):
 PSYoungGen      total 30208K, used 29298K [0x00000000d7200000, 0x00000000db900000, 0x0000000100000000)
  eden space 29696K, 98% used [0x00000000d7200000,0x00000000d8e7c800,0x00000000d8f00000)
  from space 512K, 25% used [0x00000000db800000,0x00000000db820000,0x00000000db880000)
  to   space 512K, 0% used [0x00000000db880000,0x00000000db880000,0x00000000db900000)
 ParOldGen       total 84992K, used 32542K [0x0000000085600000, 0x000000008a900000, 0x00000000d7200000)
  object space 84992K, 38% used [0x0000000085600000,0x00000000875c7ac8,0x000000008a900000)
 Metaspace       used 20982K, capacity 21210K, committed 21376K, reserved 1069056K
  class space    used 1823K, capacity 1912K, committed 1920K, reserved 1048576K
Event: 2960.933 GC heap after
Heap after GC invocations=8742 (full 26):
 PSYoungGen      total 29696K, used 128K [0x00000000d7200000, 0x00000000db900000, 0x0000000100000000)
  eden space 29184K, 0% used [0x00000000d7200000,0x00000000d7200000,0x00000000d8e80000)
  from space 512K, 25% used [0x00000000db880000,0x00000000db8a0000,0x00000000db900000)
  to   space 512K, 0% used [0x00000000db800000,0x00000000db800000,0x00000000db880000)
 ParOldGen       total 84992K, used 32550K [0x0000000085600000, 0x000000008a900000, 0x00000000d7200000)
  object space 84992K, 38% used [0x0000000085600000,0x00000000875c9ac8,0x000000008a900000)
 Metaspace       used 20982K, capacity 21210K, committed 21376K, reserved 1069056K
  class space    used 1823K, capacity 1912K, committed 1920K, reserved 1048576K
}
Event: 2961.315 GC heap before
{Heap before GC invocations=8743 (full 26):
 PSYoungGen      total 29696K, used 29288K [0x00000000d7200000, 0x00000000db900000, 0x0000000100000000)
  eden space 29184K, 99% used [0x00000000d7200000,0x00000000d8e7a018,0x00000000d8e80000)
  from space 512K, 25% used [0x00000000db880000,0x00000000db8a0000,0x00000000db900000)
  to   space 512K, 0% used [0x00000000db800000,0x00000000db800000,0x00000000db880000)
 ParOldGen       total 84992K, used 32550K [0x0000000085600000, 0x000000008a900000, 0x00000000d7200000)
  object space 84992K, 38% used [0x0000000085600000,0x00000000875c9ac8,0x000000008a900000)
 Metaspace       used 20982K, capacity 21210K, committed 21376K, reserved 1069056K
  class space    used 1823K, capacity 1912K, committed 1920K, reserved 1048576K
Event: 2961.318 GC heap after
Heap after GC invocations=8743 (full 26):
 PSYoungGen      total 29184K, used 96K [0x00000000d7200000, 0x00000000db900000, 0x0000000100000000)
  eden space 28672K, 0% used [0x00000000d7200000,0x00000000d7200000,0x00000000d8e00000)
  from space 512K, 18% used [0x00000000db800000,0x00000000db818000,0x00000000db880000)
  to   space 512K, 0% used [0x00000000db880000,0x00000000db880000,0x00000000db900000)
 ParOldGen       total 84992K, used 32550K [0x0000000085600000, 0x000000008a900000, 0x00000000d7200000)
  object space 84992K, 38% used [0x0000000085600000,0x00000000875c9ac8,0x000000008a900000)
 Metaspace       used 20982K, capacity 21210K, committed 21376K, reserved 1069056K
  class space    used 1823K, capacity 1912K, committed 1920K, reserved 1048576K
}
Event: 2961.670 GC heap before
{Heap before GC invocations=8744 (full 26):
 PSYoungGen      total 29184K, used 27742K [0x00000000d7200000, 0x00000000db900000, 0x0000000100000000)
  eden space 28672K, 96% used [0x00000000d7200000,0x00000000d8cffbe8,0x00000000d8e00000)
  from space 512K, 18% used [0x00000000db800000,0x00000000db818000,0x00000000db880000)
  to   space 512K, 0% used [0x00000000db880000,0x00000000db880000,0x00000000db900000)
 ParOldGen       total 84992K, used 32550K [0x0000000085600000, 0x000000008a900000, 0x00000000d7200000)
  object space 84992K, 38% used [0x0000000085600000,0x00000000875c9ac8,0x000000008a900000)
 Metaspace       used 20982K, capacity 21210K, committed 21376K, reserved 1069056K
  class space    used 1823K, capacity 1912K, committed 1920K, reserved 1048576K
Event: 2961.672 GC heap after
Heap after GC invocations=8744 (full 26):
 PSYoungGen      total 28672K, used 96K [0x00000000d7200000, 0x00000000db900000, 0x0000000100000000)
  eden space 28160K, 0% used [0x00000000d7200000,0x00000000d7200000,0x00000000d8d80000)
  from space 512K, 18% used [0x00000000db880000,0x00000000db898000,0x00000000db900000)
  to   space 512K, 0% used [0x00000000db800000,0x00000000db800000,0x00000000db880000)
 ParOldGen       total 84992K, used 32558K [0x0000000085600000, 0x000000008a900000, 0x00000000d7200000)
  object space 84992K, 38% used [0x0000000085600000,0x00000000875cbac8,0x000000008a900000)
 Metaspace       used 20982K, capacity 21210K, committed 21376K, reserved 1069056K
  class space    used 1823K, capacity 1912K, committed 1920K, reserved 1048576K
}
Event: 2962.027 GC heap before
{Heap before GC invocations=8745 (full 26):
 PSYoungGen      total 28672K, used 27732K [0x00000000d7200000, 0x00000000db900000, 0x0000000100000000)
  eden space 28160K, 98% used [0x00000000d7200000,0x00000000d8cfd378,0x00000000d8d80000)
  from space 512K, 18% used [0x00000000db880000,0x00000000db898000,0x00000000db900000)
  to   space 512K, 0% used [0x00000000db800000,0x00000000db800000,0x00000000db880000)
 ParOldGen       total 84992K, used 32558K [0x0000000085600000, 0x000000008a900000, 0x00000000d7200000)
  object space 84992K, 38% used [0x0000000085600000,0x00000000875cbac8,0x000000008a900000)
 Metaspace       used 20982K, capacity 21210K, committed 21376K, reserved 1069056K
  class space    used 1823K, capacity 1912K, committed 1920K, reserved 1048576K
Event: 2962.027 GC heap after
Heap after GC invocations=8745 (full 26):
 PSYoungGen      total 28160K, used 96K [0x00000000d7200000, 0x00000000db900000, 0x0000000100000000)
  eden space 27648K, 0% used [0x00000000d7200000,0x00000000d7200000,0x00000000d8d00000)
  from space 512K, 18% used [0x00000000db800000,0x00000000db818000,0x00000000db880000)
  to   space 512K, 0% used [0x00000000db880000,0x00000000db880000,0x00000000db900000)
 ParOldGen       total 84992K, used 32558K [0x0000000085600000, 0x000000008a900000, 0x00000000d7200000)
  object space 84992K, 38% used [0x0000000085600000,0x00000000875cbac8,0x000000008a900000)
 Metaspace       used 20982K, capacity 21210K, committed 21376K, reserved 1069056K
  class space    used 1823K, capacity 1912K, committed 1920K, reserved 1048576K
}

