# JRE version: OpenJDK Runtime Environment (8.0_275-b01) (build 1.8.0_275-8u275-b01-0ubuntu1~18.04-b01)
# Java VM: OpenJDK 64-Bit Server VM (25.275-b01 mixed mode linux-amd64 compressed oops)
Heap:
 PSYoungGen      total 23040K, used 18631K [0x00000000d7200000, 0x00000000da180000, 0x0000000100000000)
  eden space 22528K, 82% used [0x00000000d7200000,0x00000000d8411e70,0x00000000d8800000)
  from space 512K, 25% used [0x00000000da100000,0x00000000da120000,0x00000000da180000)
  to   space 512K, 0% used [0x00000000da080000,0x00000000da080000,0x00000000da100000)
 ParOldGen       total 74752K, used 51620K [0x0000000085600000, 0x0000000089f00000, 0x00000000d7200000)
  object space 74752K, 69% used [0x0000000085600000,0x0000000088869058,0x0000000089f00000)
 Metaspace       used 21058K, capacity 21358K, committed 21632K, reserved 1069056K
  class space    used 1825K, capacity 1914K, committed 1920K, reserved 1048576K
GC Heap History (10 events):
Event: 13214.142 GC heap before
{Heap before GC invocations=39930 (full 22):
 PSYoungGen      total 23040K, used 21608K [0x00000000d7200000, 0x00000000da180000, 0x0000000100000000)
  eden space 22528K, 95% used [0x00000000d7200000,0x00000000d8702028,0x00000000d8800000)
  from space 512K, 18% used [0x00000000da080000,0x00000000da098000,0x00000000da100000)
  to   space 512K, 0% used [0x00000000da100000,0x00000000da100000,0x00000000da180000)
 ParOldGen       total 74752K, used 51540K [0x0000000085600000, 0x0000000089f00000, 0x00000000d7200000)
  object space 74752K, 68% used [0x0000000085600000,0x0000000088855058,0x0000000089f00000)
 Metaspace       used 21058K, capacity 21358K, committed 21632K, reserved 1069056K
  class space    used 1825K, capacity 1914K, committed 1920K, reserved 1048576K
Event: 13214.143 GC heap after
Heap after GC invocations=39930 (full 22):
 PSYoungGen      total 23040K, used 128K [0x00000000d7200000, 0x00000000da180000, 0x0000000100000000)
  eden space 22528K, 0% used [0x00000000d7200000,0x00000000d7200000,0x00000000d8800000)
  from space 512K, 25% used [0x00000000da100000,0x00000000da120000,0x00000000da180000)
  to   space 512K, 0% used [0x00000000da080000,0x00000000da080000,0x00000000da100000)
 ParOldGen       total 74752K, used 51556K [0x0000000085600000, 0x0000000089f00000, 0x00000000d7200000)
  object space 74752K, 68% used [0x0000000085600000,0x0000000088859058,0x0000000089f00000)
 Metaspace       used 21058K, capacity 21358K, committed 21632K, reserved 1069056K
  class space    used 1825K, capacity 1914K, committed 1920K, reserved 1048576K
}
Event: 13214.415 GC heap before
{Heap before GC invocations=39931 (full 22):
 PSYoungGen      total 23040K, used 21646K [0x00000000d7200000, 0x00000000da180000, 0x0000000100000000)
  eden space 22528K, 95% used [0x00000000d7200000,0x00000000d87038a0,0x00000000d8800000)
  from space 512K, 25% used [0x00000000da100000,0x00000000da120000,0x00000000da180000)
  to   space 512K, 0% used [0x00000000da080000,0x00000000da080000,0x00000000da100000)
 ParOldGen       total 74752K, used 51556K [0x0000000085600000, 0x0000000089f00000, 0x00000000d7200000)
  object space 74752K, 68% used [0x0000000085600000,0x0000000088859058,0x0000000089f00000)
 Metaspace       used 21058K, capacity 21358K, committed 21632K, reserved 1069056K
  class space    used 1825K, capacity 1914K, committed 1920K, reserved 1048576K
Event: 13214.418 GC heap after
Heap after GC invocations=39931 (full 22):
 PSYoungGen      total 23040K, used 96K [0x00000000d7200000, 0x00000000da180000, 0x0000000100000000)
  eden space 22528K, 0% used [0x00000000d7200000,0x00000000d7200000,0x00000000d8800000)
  from space 512K, 18% used [0x00000000da080000,0x00000000da098000,0x00000000da100000)
  to   space 512K, 0% used [0x00000000da100000,0x00000000da100000,0x00000000da180000)
 ParOldGen       total 74752K, used 51564K [0x0000000085600000, 0x0000000089f00000, 0x00000000d7200000)
  object space 74752K, 68% used [0x0000000085600000,0x000000008885b058,0x0000000089f00000)
 Metaspace       used 21058K, capacity 21358K, committed 21632K, reserved 1069056K
  class space    used 1825K, capacity 1914K, committed 1920K, reserved 1048576K
}
Event: 13214.695 GC heap before
{Heap before GC invocations=39932 (full 22):
 PSYoungGen      total 23040K, used 21607K [0x00000000d7200000, 0x00000000da180000, 0x0000000100000000)
  eden space 22528K, 95% used [0x00000000d7200000,0x00000000d8701fb8,0x00000000d8800000)
  from space 512K, 18% used [0x00000000da080000,0x00000000da098000,0x00000000da100000)
  to   space 512K, 0% used [0x00000000da100000,0x00000000da100000,0x00000000da180000)
 ParOldGen       total 74752K, used 51564K [0x0000000085600000, 0x0000000089f00000, 0x00000000d7200000)
  object space 74752K, 68% used [0x0000000085600000,0x000000008885b058,0x0000000089f00000)
 Metaspace       used 21058K, capacity 21358K, committed 21632K, reserved 1069056K
  class space    used 1825K, capacity 1914K, committed 1920K, reserved 1048576K
Event: 13214.696 GC heap after
Heap after GC invocations=39932 (full 22):
 PSYoungGen      total 23040K, used 160K [0x00000000d7200000, 0x00000000da180000, 0x0000000100000000)
  eden space 22528K, 0% used [0x00000000d7200000,0x00000000d7200000,0x00000000d8800000)
  from space 512K, 31% used [0x00000000da100000,0x00000000da128000,0x00000000da180000)
  to   space 512K, 0% used [0x00000000da080000,0x00000000da080000,0x00000000da100000)
 ParOldGen       total 74752K, used 51596K [0x0000000085600000, 0x0000000089f00000, 0x00000000d7200000)
  object space 74752K, 69% used [0x0000000085600000,0x0000000088863058,0x0000000089f00000)
 Metaspace       used 21058K, capacity 21358K, committed 21632K, reserved 1069056K
  class space    used 1825K, capacity 1914K, committed 1920K, reserved 1048576K
}
Event: 13215.055 GC heap before
{Heap before GC invocations=39933 (full 22):
 PSYoungGen      total 23040K, used 21671K [0x00000000d7200000, 0x00000000da180000, 0x0000000100000000)
  eden space 22528K, 95% used [0x00000000d7200000,0x00000000d8701fc0,0x00000000d8800000)
  from space 512K, 31% used [0x00000000da100000,0x00000000da128000,0x00000000da180000)
  to   space 512K, 0% used [0x00000000da080000,0x00000000da080000,0x00000000da100000)
 ParOldGen       total 74752K, used 51596K [0x0000000085600000, 0x0000000089f00000, 0x00000000d7200000)
  object space 74752K, 69% used [0x0000000085600000,0x0000000088863058,0x0000000089f00000)
 Metaspace       used 21058K, capacity 21358K, committed 21632K, reserved 1069056K
  class space    used 1825K, capacity 1914K, committed 1920K, reserved 1048576K
Event: 13215.057 GC heap after
Heap after GC invocations=39933 (full 22):
 PSYoungGen      total 23040K, used 64K [0x00000000d7200000, 0x00000000da180000, 0x0000000100000000)
  eden space 22528K, 0% used [0x00000000d7200000,0x00000000d7200000,0x00000000d8800000)
  from space 512K, 12% used [0x00000000da080000,0x00000000da090000,0x00000000da100000)
  to   space 512K, 0% used [0x00000000da100000,0x00000000da100000,0x00000000da180000)
 ParOldGen       total 74752K, used 51604K [0x0000000085600000, 0x0000000089f00000, 0x00000000d7200000)
  object space 74752K, 69% used [0x0000000085600000,0x0000000088865058,0x0000000089f00000)
 Metaspace       used 21058K, capacity 21358K, committed 21632K, reserved 1069056K
  class space    used 1825K, capacity 1914K, committed 1920K, reserved 1048576K
}
Event: 13215.376 GC heap before
{Heap before GC invocations=39934 (full 22):
 PSYoungGen      total 23040K, used 21577K [0x00000000d7200000, 0x00000000da180000, 0x0000000100000000)
  eden space 22528K, 95% used [0x00000000d7200000,0x00000000d87027e0,0x00000000d8800000)
  from space 512K, 12% used [0x00000000da080000,0x00000000da090000,0x00000000da100000)
  to   space 512K, 0% used [0x00000000da100000,0x00000000da100000,0x00000000da180000)
 ParOldGen       total 74752K, used 51604K [0x0000000085600000, 0x0000000089f00000, 0x00000000d7200000)
  object space 74752K, 69% used [0x0000000085600000,0x0000000088865058,0x0000000089f00000)
 Metaspace       used 21058K, capacity 21358K, committed 21632K, reserved 1069056K
  class space    used 1825K, capacity 1914K, committed 1920K, reserved 1048576K
Event: 13215.377 GC heap after
Heap after GC invocations=39934 (full 22):
 PSYoungGen      total 23040K, used 128K [0x00000000d7200000, 0x00000000da180000, 0x0000000100000000)
  eden space 22528K, 0% used [0x00000000d7200000,0x00000000d7200000,0x00000000d8800000)
  from space 512K, 25% used [0x00000000da100000,0x00000000da120000,0x00000000da180000)
  to   space 512K, 0% used [0x00000000da080000,0x00000000da080000,0x00000000da100000)
 ParOldGen       total 74752K, used 51620K [0x0000000085600000, 0x0000000089f00000, 0x00000000d7200000)
  object space 74752K, 69% used [0x0000000085600000,0x0000000088869058,0x0000000089f00000)
 Metaspace       used 21058K, capacity 21358K, committed 21632K, reserved 1069056K
  class space    used 1825K, capacity 1914K, committed 1920K, reserved 1048576K
}

