# JRE version: OpenJDK Runtime Environment (11.0.4+11) (build 11.0.4+11-post-Ubuntu-1ubuntu218.04.3)
# Java VM: OpenJDK 64-Bit Server VM (11.0.4+11-post-Ubuntu-1ubuntu218.04.3, mixed mode, sharing, tiered, compressed oops, serial gc, linux-amd64)
Heap:
 def new generation   total 216960K, used 10295K [0x00000000c6400000, 0x00000000d4f60000, 0x00000000d9800000)
  eden space 192896K,   5% used [0x00000000c6400000, 0x00000000c6e0df10, 0x00000000d2060000)
  from space 24064K,   0% used [0x00000000d2060000, 0x00000000d2060000, 0x00000000d37e0000)
  to   space 24064K,   0% used [0x00000000d37e0000, 0x00000000d37e0000, 0x00000000d4f60000)
 tenured generation   total 630784K, used 551302K [0x00000000d9800000, 0x0000000100000000, 0x0000000100000000)
   the space 630784K,  87% used [0x00000000d9800000, 0x00000000fb261a48, 0x00000000fb261c00, 0x0000000100000000)
 Metaspace       used 14608K, capacity 15189K, committed 15232K, reserved 1062912K
  class space    used 1635K, capacity 1908K, committed 1920K, reserved 1048576K
GC Heap History (10 events):
Event: 3.526 GC heap before
{Heap before GC invocations=8 (full 2):
 def new generation   total 61120K, used 61120K [0x00000000c6400000, 0x00000000ca650000, 0x00000000d9800000)
  eden space 54336K, 100% used [0x00000000c6400000, 0x00000000c9910000, 0x00000000c9910000)
  from space 6784K, 100% used [0x00000000c9fb0000, 0x00000000ca650000, 0x00000000ca650000)
  to   space 6784K,   0% used [0x00000000c9910000, 0x00000000c9910000, 0x00000000c9fb0000)
 tenured generation   total 135740K, used 86470K [0x00000000d9800000, 0x00000000e1c8f000, 0x0000000100000000)
   the space 135740K,  63% used [0x00000000d9800000, 0x00000000dec718e0, 0x00000000dec71a00, 0x00000000e1c8f000)
 Metaspace       used 7467K, capacity 9367K, committed 9728K, reserved 1058816K
  class space    used 711K, capacity 926K, committed 1024K, reserved 1048576K
}
Event: 3.641 GC heap after
{Heap after GC invocations=9 (full 2):
 def new generation   total 61120K, used 6784K [0x00000000c6400000, 0x00000000ca650000, 0x00000000d9800000)
  eden space 54336K,   0% used [0x00000000c6400000, 0x00000000c6400000, 0x00000000c9910000)
  from space 6784K, 100% used [0x00000000c9910000, 0x00000000c9fb0000, 0x00000000c9fb0000)
  to   space 6784K,   0% used [0x00000000c9fb0000, 0x00000000c9fb0000, 0x00000000ca650000)
 tenured generation   total 135740K, used 131637K [0x00000000d9800000, 0x00000000e1c8f000, 0x0000000100000000)
   the space 135740K,  96% used [0x00000000d9800000, 0x00000000e188d5b8, 0x00000000e188d600, 0x00000000e1c8f000)
 Metaspace       used 7467K, capacity 9367K, committed 9728K, reserved 1058816K
  class space    used 711K, capacity 926K, committed 1024K, reserved 1048576K
}
Event: 3.786 GC heap before
{Heap before GC invocations=9 (full 2):
 def new generation   total 61120K, used 61120K [0x00000000c6400000, 0x00000000ca650000, 0x00000000d9800000)
  eden space 54336K, 100% used [0x00000000c6400000, 0x00000000c9910000, 0x00000000c9910000)
  from space 6784K, 100% used [0x00000000c9910000, 0x00000000c9fb0000, 0x00000000c9fb0000)
  to   space 6784K,   0% used [0x00000000c9fb0000, 0x00000000c9fb0000, 0x00000000ca650000)
 tenured generation   total 135740K, used 131637K [0x00000000d9800000, 0x00000000e1c8f000, 0x0000000100000000)
   the space 135740K,  96% used [0x00000000d9800000, 0x00000000e188d5b8, 0x00000000e188d600, 0x00000000e1c8f000)
 Metaspace       used 7475K, capacity 9367K, committed 9728K, reserved 1058816K
  class space    used 711K, capacity 926K, committed 1024K, reserved 1048576K
}
Event: 4.221 GC heap after
{Heap after GC invocations=10 (full 3):
 def new generation   total 132096K, used 6631K [0x00000000c6400000, 0x00000000cf350000, 0x00000000d9800000)
  eden space 117440K,   5% used [0x00000000c6400000, 0x00000000c6a79ce8, 0x00000000cd6b0000)
  from space 14656K,   0% used [0x00000000cd6b0000, 0x00000000cd6b0000, 0x00000000ce500000)
  to   space 14656K,   0% used [0x00000000ce500000, 0x00000000ce500000, 0x00000000cf350000)
 tenured generation   total 293436K, used 176059K [0x00000000d9800000, 0x00000000eb68f000, 0x0000000100000000)
   the space 293436K,  59% used [0x00000000d9800000, 0x00000000e43eeff8, 0x00000000e43ef000, 0x00000000eb68f000)
 Metaspace       used 7475K, capacity 9367K, committed 9728K, reserved 1058816K
  class space    used 711K, capacity 926K, committed 1024K, reserved 1048576K
}
Event: 4.689 GC heap before
{Heap before GC invocations=10 (full 3):
 def new generation   total 132096K, used 117440K [0x00000000c6400000, 0x00000000cf350000, 0x00000000d9800000)
  eden space 117440K, 100% used [0x00000000c6400000, 0x00000000cd6b0000, 0x00000000cd6b0000)
  from space 14656K,   0% used [0x00000000cd6b0000, 0x00000000cd6b0000, 0x00000000ce500000)
  to   space 14656K,   0% used [0x00000000ce500000, 0x00000000ce500000, 0x00000000cf350000)
 tenured generation   total 293436K, used 176059K [0x00000000d9800000, 0x00000000eb68f000, 0x0000000100000000)
   the space 293436K,  59% used [0x00000000d9800000, 0x00000000e43eeff8, 0x00000000e43ef000, 0x00000000eb68f000)
 Metaspace       used 7560K, capacity 9495K, committed 9728K, reserved 1058816K
  class space    used 719K, capacity 926K, committed 1024K, reserved 1048576K
}
Event: 4.968 GC heap after
{Heap after GC invocations=11 (full 3):
 def new generation   total 132096K, used 14656K [0x00000000c6400000, 0x00000000cf350000, 0x00000000d9800000)
  eden space 117440K,   0% used [0x00000000c6400000, 0x00000000c6400000, 0x00000000cd6b0000)
  from space 14656K, 100% used [0x00000000ce500000, 0x00000000cf350000, 0x00000000cf350000)
  to   space 14656K,   0% used [0x00000000cd6b0000, 0x00000000cd6b0000, 0x00000000ce500000)
 tenured generation   total 293436K, used 255986K [0x00000000d9800000, 0x00000000eb68f000, 0x0000000100000000)
   the space 293436K,  87% used [0x00000000d9800000, 0x00000000e91fca38, 0x00000000e91fcc00, 0x00000000eb68f000)
 Metaspace       used 7560K, capacity 9495K, committed 9728K, reserved 1058816K
  class space    used 719K, capacity 926K, committed 1024K, reserved 1048576K
}
Event: 5.297 GC heap before
{Heap before GC invocations=11 (full 3):
 def new generation   total 132096K, used 55679K [0x00000000c6400000, 0x00000000cf350000, 0x00000000d9800000)
  eden space 117440K,  34% used [0x00000000c6400000, 0x00000000c8c0fd30, 0x00000000cd6b0000)
  from space 14656K, 100% used [0x00000000ce500000, 0x00000000cf350000, 0x00000000cf350000)
  to   space 14656K,   0% used [0x00000000cd6b0000, 0x00000000cd6b0000, 0x00000000ce500000)
 tenured generation   total 293436K, used 255986K [0x00000000d9800000, 0x00000000eb68f000, 0x0000000100000000)
   the space 293436K,  87% used [0x00000000d9800000, 0x00000000e91fca38, 0x00000000e91fcc00, 0x00000000eb68f000)
 Metaspace       used 8062K, capacity 9943K, committed 10240K, reserved 1058816K
  class space    used 770K, capacity 990K, committed 1024K, reserved 1048576K
}
Event: 5.869 GC heap after
{Heap after GC invocations=12 (full 4):
 def new generation   total 215488K, used 0K [0x00000000c6400000, 0x00000000d4dd0000, 0x00000000d9800000)
  eden space 191552K,   0% used [0x00000000c6400000, 0x00000000c6400000, 0x00000000d1f10000)
  from space 23936K,   0% used [0x00000000d1f10000, 0x00000000d1f10000, 0x00000000d3670000)
  to   space 23936K,   0% used [0x00000000d3670000, 0x00000000d3670000, 0x00000000d4dd0000)
 tenured generation   total 478796K, used 287277K [0x00000000d9800000, 0x00000000f6b93000, 0x0000000100000000)
   the space 478796K,  59% used [0x00000000d9800000, 0x00000000eb08b4f8, 0x00000000eb08b600, 0x00000000f6b93000)
 Metaspace       used 8062K, capacity 9943K, committed 10240K, reserved 1058816K
  class space    used 770K, capacity 990K, committed 1024K, reserved 1048576K
}
Event: 9.774 GC heap before
{Heap before GC invocations=12 (full 4):
 def new generation   total 215488K, used 130144K [0x00000000c6400000, 0x00000000d4dd0000, 0x00000000d9800000)
  eden space 191552K,  67% used [0x00000000c6400000, 0x00000000ce318130, 0x00000000d1f10000)
  from space 23936K,   0% used [0x00000000d1f10000, 0x00000000d1f10000, 0x00000000d3670000)
  to   space 23936K,   0% used [0x00000000d3670000, 0x00000000d3670000, 0x00000000d4dd0000)
 tenured generation   total 478796K, used 287277K [0x00000000d9800000, 0x00000000f6b93000, 0x0000000100000000)
   the space 478796K,  59% used [0x00000000d9800000, 0x00000000eb08b4f8, 0x00000000eb08b600, 0x00000000f6b93000)
 Metaspace       used 14581K, capacity 15122K, committed 15232K, reserved 1062912K
  class space    used 1633K, capacity 1907K, committed 1920K, reserved 1048576K
}
Event: 10.140 GC heap after
{Heap after GC invocations=13 (full 5):
 def new generation   total 216960K, used 0K [0x00000000c6400000, 0x00000000d4f60000, 0x00000000d9800000)
  eden space 192896K,   0% used [0x00000000c6400000, 0x00000000c6400000, 0x00000000d2060000)
  from space 24064K,   0% used [0x00000000d2060000, 0x00000000d2060000, 0x00000000d37e0000)
  to   space 24064K,   0% used [0x00000000d37e0000, 0x00000000d37e0000, 0x00000000d4f60000)
 tenured generation   total 481932K, used 289158K [0x00000000d9800000, 0x00000000f6ea3000, 0x0000000100000000)
   the space 481932K,  59% used [0x00000000d9800000, 0x00000000eb261a38, 0x00000000eb261c00, 0x00000000f6ea3000)
 Metaspace       used 14581K, capacity 15122K, committed 15232K, reserved 1062912K
  class space    used 1633K, capacity 1907K, committed 1920K, reserved 1048576K
}

